Building DAG of jobs...
Using shell: /usr/bin/bash
Provided cores: -2 (use --cores to define parallelism)
Rules claiming more threads will be scaled down.
Job stats:
job         count    min threads    max threads
--------  -------  -------------  -------------
make_all        1             -2              0
total           1             -2              0

Select jobs to execute...

[Wed Sep 14 11:52:47 2022]
rule make_all:
    jobid: 0
    reason: Rules with neither input nor output files are always executed.
    threads: -2
    resources: tmpdir=/tmp

[Wed Sep 14 11:52:47 2022]
Finished job 0.
1 of 1 steps (100%) done
Complete log: .snakemake/log/2022-09-14T115246.709937.snakemake.log
